{
  "0 debug pnpm:scope": {
    "selected": 1
  },
  "1 error pnpm": {
    "message": {
      "errno": 1,
      "code": "ELIFECYCLE",
      "pkgid": "node-red-contrib-dockerode@0.3.3",
      "stage": "start",
      "script": "gulp && node-red",
      "pkgname": "node-red-contrib-dockerode"
    },
    "err": {
      "name": "Error",
      "message": "node-red-contrib-dockerode@0.3.3 start: `gulp && node-red`\nExit status 1",
      "code": "ELIFECYCLE",
      "stack": "Error: node-red-contrib-dockerode@0.3.3 start: `gulp && node-red`\nExit status 1\n    at EventEmitter.<anonymous> (/usr/local/lib/node_modules/pnpm/lib/node_modules/@zkochan/npm-lifecycle/index.js:302:16)\n    at EventEmitter.emit (events.js:305:20)\n    at ChildProcess.<anonymous> (/usr/local/lib/node_modules/pnpm/lib/node_modules/@zkochan/npm-lifecycle/lib/spawn.js:55:14)\n    at ChildProcess.emit (events.js:305:20)\n    at maybeClose (internal/child_process.js:1028:16)\n    at Process.ChildProcess._handle.onexit (internal/child_process.js:286:5)"
    }
  }
}